1295 [main] INFO  c.p.ShoppingmallCommentBootApplication - Starting ShoppingmallCommentBootApplication on DESKTOP-LA843EK with PID 49104 (C:\Users\NYJ\Documents\git\project\shoppingmall_comment\shoppingmall_comment\shoppingmall_comment-boot\target\classes started by NYJ in C:\Users\NYJ\Documents\git\project\shoppingmall_comment\shoppingmall_comment\shoppingmall_comment-boot)
1312 [main] DEBUG c.p.ShoppingmallCommentBootApplication - Running with Spring Boot v2.2.5.RELEASE, Spring v5.2.4.RELEASE
1312 [main] INFO  c.p.ShoppingmallCommentBootApplication - The following profiles are active: dev
6823 [main] INFO  c.p.ShoppingmallCommentBootApplication - Started ShoppingmallCommentBootApplication in 6.261 seconds (JVM running for 9.508)
6827 [main] INFO  c.p.ShoppingmallCommentBootApplication - HELLO
962  [main] INFO  c.p.ShoppingmallCommentBootApplication - Starting ShoppingmallCommentBootApplication on DESKTOP-LA843EK with PID 58532 (C:\Users\NYJ\Documents\git\project\shoppingmall_comment\shoppingmall_comment\shoppingmall_comment-boot\target\classes started by NYJ in C:\Users\NYJ\Documents\git\project\shoppingmall_comment\shoppingmall_comment\shoppingmall_comment-boot)
968  [main] DEBUG c.p.ShoppingmallCommentBootApplication - Running with Spring Boot v2.2.5.RELEASE, Spring v5.2.4.RELEASE
968  [main] INFO  c.p.ShoppingmallCommentBootApplication - The following profiles are active: dev
3990 [main] INFO  c.p.ShoppingmallCommentBootApplication - Started ShoppingmallCommentBootApplication in 3.675 seconds (JVM running for 5.535)
3992 [main] INFO  c.p.ShoppingmallCommentBootApplication - HELLO
763  [main] INFO  c.p.ShoppingmallCommentBootApplication - Starting ShoppingmallCommentBootApplication on DESKTOP-LA843EK with PID 48536 (C:\Users\NYJ\Documents\git\project\shoppingmall_comment\shoppingmall_comment\shoppingmall_comment-boot\target\classes started by NYJ in C:\Users\NYJ\Documents\git\project\shoppingmall_comment\shoppingmall_comment\shoppingmall_comment-boot)
767  [main] DEBUG c.p.ShoppingmallCommentBootApplication - Running with Spring Boot v2.2.5.RELEASE, Spring v5.2.4.RELEASE
767  [main] INFO  c.p.ShoppingmallCommentBootApplication - The following profiles are active: dev
4896 [main] INFO  c.p.ShoppingmallCommentBootApplication - Started ShoppingmallCommentBootApplication in 4.619 seconds (JVM running for 6.513)
4899 [main] INFO  c.p.ShoppingmallCommentBootApplication - HELLO
767  [main] INFO  c.p.ShoppingmallCommentBootApplication - Starting ShoppingmallCommentBootApplication on DESKTOP-LA843EK with PID 7780 (C:\Users\NYJ\Documents\git\project\shoppingmall_comment\shoppingmall_comment\shoppingmall_comment-boot\target\classes started by NYJ in C:\Users\NYJ\Documents\git\project\shoppingmall_comment\shoppingmall_comment\shoppingmall_comment-boot)
770  [main] DEBUG c.p.ShoppingmallCommentBootApplication - Running with Spring Boot v2.2.5.RELEASE, Spring v5.2.4.RELEASE
771  [main] INFO  c.p.ShoppingmallCommentBootApplication - The following profiles are active: dev
5470 [main] INFO  c.p.ShoppingmallCommentBootApplication - Started ShoppingmallCommentBootApplication in 5.202 seconds (JVM running for 6.979)
5472 [main] INFO  c.p.ShoppingmallCommentBootApplication - HELLO
