795  [main] INFO  c.p.ShoppingmallCommentBootApplication - Starting ShoppingmallCommentBootApplication on DESKTOP-HBU07UD with PID 4764 (C:\Users\notebiz\Documents\git\shoppingmall_comment\shoppingmall_comment\shoppingmall_comment-boot\target\classes started by notebiz1029 in C:\Users\notebiz\Documents\git\shoppingmall_comment\shoppingmall_comment\shoppingmall_comment-boot)
803  [main] DEBUG c.p.ShoppingmallCommentBootApplication - Running with Spring Boot v2.2.5.RELEASE, Spring v5.2.4.RELEASE
804  [main] INFO  c.p.ShoppingmallCommentBootApplication - No active profile set, falling back to default profiles: default
2269 [main] INFO  com.plateer.config.DB - MariaDB Connector/J
2656 [main] INFO  c.p.ShoppingmallCommentBootApplication - Started ShoppingmallCommentBootApplication in 2.274 seconds (JVM running for 3.307)
2658 [main] INFO  c.p.ShoppingmallCommentBootApplication - HELLO
848  [main] INFO  c.p.ShoppingmallCommentBootApplication - Starting ShoppingmallCommentBootApplication on DESKTOP-HBU07UD with PID 8476 (C:\Users\notebiz\Documents\git\shoppingmall_comment\shoppingmall_comment\shoppingmall_comment-boot\target\classes started by notebiz1029 in C:\Users\notebiz\Documents\git\shoppingmall_comment\shoppingmall_comment\shoppingmall_comment-boot)
854  [main] DEBUG c.p.ShoppingmallCommentBootApplication - Running with Spring Boot v2.2.5.RELEASE, Spring v5.2.4.RELEASE
855  [main] INFO  c.p.ShoppingmallCommentBootApplication - No active profile set, falling back to default profiles: default
2040 [main] INFO  com.plateer.config.DB - MariaDB Connector/J
2360 [main] INFO  c.p.ShoppingmallCommentBootApplication - Started ShoppingmallCommentBootApplication in 1.967 seconds (JVM running for 3.127)
2361 [main] INFO  c.p.ShoppingmallCommentBootApplication - HELLO
614  [main] INFO  c.p.ShoppingmallCommentBootApplication - Starting ShoppingmallCommentBootApplication on DESKTOP-HBU07UD with PID 3832 (C:\Users\notebiz\Documents\git\shoppingmall_comment\shoppingmall_comment\shoppingmall_comment-boot\target\classes started by notebiz1029 in C:\Users\notebiz\Documents\git\shoppingmall_comment\shoppingmall_comment\shoppingmall_comment-boot)
617  [main] DEBUG c.p.ShoppingmallCommentBootApplication - Running with Spring Boot v2.2.5.RELEASE, Spring v5.2.4.RELEASE
621  [main] INFO  c.p.ShoppingmallCommentBootApplication - No active profile set, falling back to default profiles: default
2376 [main] INFO  com.plateer.config.DB - MariaDB Connector/J
2931 [main] ERROR o.s.b.d.LoggingFailureAnalysisReporter - 

***************************
APPLICATION FAILED TO START
***************************

Description:

Web server failed to start. Port 9999 was already in use.

Action:

Identify and stop the process that's listening on port 9999 or configure this application to listen on another port.

636  [main] INFO  c.p.ShoppingmallCommentBootApplication - Starting ShoppingmallCommentBootApplication on DESKTOP-HBU07UD with PID 11584 (C:\Users\notebiz\Documents\git\shoppingmall_comment\shoppingmall_comment\shoppingmall_comment-boot\target\classes started by notebiz1029 in C:\Users\notebiz\Documents\git\shoppingmall_comment\shoppingmall_comment\shoppingmall_comment-boot)
639  [main] DEBUG c.p.ShoppingmallCommentBootApplication - Running with Spring Boot v2.2.5.RELEASE, Spring v5.2.4.RELEASE
639  [main] INFO  c.p.ShoppingmallCommentBootApplication - No active profile set, falling back to default profiles: default
2245 [main] INFO  com.plateer.config.DB - MariaDB Connector/J
2756 [main] ERROR o.s.b.d.LoggingFailureAnalysisReporter - 

***************************
APPLICATION FAILED TO START
***************************

Description:

Web server failed to start. Port 9999 was already in use.

Action:

Identify and stop the process that's listening on port 9999 or configure this application to listen on another port.

641  [main] INFO  c.p.ShoppingmallCommentBootApplication - Starting ShoppingmallCommentBootApplication on DESKTOP-HBU07UD with PID 6508 (C:\Users\notebiz\Documents\git\shoppingmall_comment\shoppingmall_comment\shoppingmall_comment-boot\target\classes started by notebiz1029 in C:\Users\notebiz\Documents\git\shoppingmall_comment\shoppingmall_comment\shoppingmall_comment-boot)
644  [main] DEBUG c.p.ShoppingmallCommentBootApplication - Running with Spring Boot v2.2.5.RELEASE, Spring v5.2.4.RELEASE
644  [main] INFO  c.p.ShoppingmallCommentBootApplication - No active profile set, falling back to default profiles: default
2346 [main] INFO  com.plateer.config.DB - MariaDB Connector/J
2863 [main] INFO  c.p.ShoppingmallCommentBootApplication - Started ShoppingmallCommentBootApplication in 2.604 seconds (JVM running for 3.509)
2865 [main] INFO  c.p.ShoppingmallCommentBootApplication - HELLO
593  [main] INFO  c.p.ShoppingmallCommentBootApplication - Starting ShoppingmallCommentBootApplication on DESKTOP-HBU07UD with PID 11360 (C:\Users\notebiz\Documents\git\shoppingmall_comment\shoppingmall_comment\shoppingmall_comment-boot\target\classes started by notebiz1029 in C:\Users\notebiz\Documents\git\shoppingmall_comment\shoppingmall_comment\shoppingmall_comment-boot)
596  [main] DEBUG c.p.ShoppingmallCommentBootApplication - Running with Spring Boot v2.2.5.RELEASE, Spring v5.2.4.RELEASE
596  [main] INFO  c.p.ShoppingmallCommentBootApplication - No active profile set, falling back to default profiles: default
2267 [main] INFO  com.plateer.config.DB - MariaDB Connector/J
2785 [main] INFO  c.p.ShoppingmallCommentBootApplication - Started ShoppingmallCommentBootApplication in 2.534 seconds (JVM running for 3.387)
2787 [main] INFO  c.p.ShoppingmallCommentBootApplication - HELLO
622  [main] INFO  c.p.ShoppingmallCommentBootApplication - Starting ShoppingmallCommentBootApplication on DESKTOP-HBU07UD with PID 4384 (C:\Users\notebiz\Documents\git\shoppingmall_comment\shoppingmall_comment\shoppingmall_comment-boot\target\classes started by notebiz1029 in C:\Users\notebiz\Documents\git\shoppingmall_comment\shoppingmall_comment\shoppingmall_comment-boot)
624  [main] DEBUG c.p.ShoppingmallCommentBootApplication - Running with Spring Boot v2.2.5.RELEASE, Spring v5.2.4.RELEASE
624  [main] INFO  c.p.ShoppingmallCommentBootApplication - No active profile set, falling back to default profiles: default
2290 [main] INFO  com.plateer.config.DB - MariaDB Connector/J
2797 [main] INFO  c.p.ShoppingmallCommentBootApplication - Started ShoppingmallCommentBootApplication in 2.523 seconds (JVM running for 3.403)
2799 [main] INFO  c.p.ShoppingmallCommentBootApplication - HELLO
607  [main] INFO  c.p.ShoppingmallCommentBootApplication - Starting ShoppingmallCommentBootApplication on DESKTOP-HBU07UD with PID 3332 (C:\Users\notebiz\Documents\git\shoppingmall_comment\shoppingmall_comment\shoppingmall_comment-boot\target\classes started by notebiz1029 in C:\Users\notebiz\Documents\git\shoppingmall_comment\shoppingmall_comment\shoppingmall_comment-boot)
610  [main] DEBUG c.p.ShoppingmallCommentBootApplication - Running with Spring Boot v2.2.5.RELEASE, Spring v5.2.4.RELEASE
614  [main] INFO  c.p.ShoppingmallCommentBootApplication - No active profile set, falling back to default profiles: default
2642 [main] INFO  c.p.ShoppingmallCommentBootApplication - Started ShoppingmallCommentBootApplication in 2.384 seconds (JVM running for 3.218)
2643 [main] INFO  c.p.ShoppingmallCommentBootApplication - HELLO
619  [main] INFO  c.p.ShoppingmallCommentBootApplication - Starting ShoppingmallCommentBootApplication on DESKTOP-HBU07UD with PID 10096 (C:\Users\notebiz\Documents\git\shoppingmall_comment\shoppingmall_comment\shoppingmall_comment-boot\target\classes started by notebiz1029 in C:\Users\notebiz\Documents\git\shoppingmall_comment\shoppingmall_comment\shoppingmall_comment-boot)
621  [main] DEBUG c.p.ShoppingmallCommentBootApplication - Running with Spring Boot v2.2.5.RELEASE, Spring v5.2.4.RELEASE
625  [main] INFO  c.p.ShoppingmallCommentBootApplication - The following profiles are active: dev
2720 [main] INFO  c.p.ShoppingmallCommentBootApplication - Started ShoppingmallCommentBootApplication in 2.458 seconds (JVM running for 3.349)
2722 [main] INFO  c.p.ShoppingmallCommentBootApplication - HELLO
609  [main] INFO  c.p.ShoppingmallCommentBootApplication - Starting ShoppingmallCommentBootApplication on DESKTOP-HBU07UD with PID 11672 (C:\Users\notebiz\Documents\git\shoppingmall_comment\shoppingmall_comment\shoppingmall_comment-boot\target\classes started by notebiz1029 in C:\Users\notebiz\Documents\git\shoppingmall_comment\shoppingmall_comment\shoppingmall_comment-boot)
611  [main] DEBUG c.p.ShoppingmallCommentBootApplication - Running with Spring Boot v2.2.5.RELEASE, Spring v5.2.4.RELEASE
615  [main] INFO  c.p.ShoppingmallCommentBootApplication - The following profiles are active: dev
2816 [main] INFO  c.p.ShoppingmallCommentBootApplication - Started ShoppingmallCommentBootApplication in 2.566 seconds (JVM running for 3.419)
2818 [main] INFO  c.p.ShoppingmallCommentBootApplication - HELLO
629  [main] INFO  c.p.ShoppingmallCommentBootApplication - Starting ShoppingmallCommentBootApplication on DESKTOP-HBU07UD with PID 12568 (C:\Users\notebiz\Documents\git\shoppingmall_comment\shoppingmall_comment\shoppingmall_comment-boot\target\classes started by notebiz1029 in C:\Users\notebiz\Documents\git\shoppingmall_comment\shoppingmall_comment\shoppingmall_comment-boot)
631  [main] DEBUG c.p.ShoppingmallCommentBootApplication - Running with Spring Boot v2.2.5.RELEASE, Spring v5.2.4.RELEASE
635  [main] INFO  c.p.ShoppingmallCommentBootApplication - The following profiles are active: dev
2808 [main] INFO  c.p.ShoppingmallCommentBootApplication - Started ShoppingmallCommentBootApplication in 2.547 seconds (JVM running for 3.42)
2810 [main] INFO  c.p.ShoppingmallCommentBootApplication - HELLO
651  [main] INFO  c.p.ShoppingmallCommentBootApplication - Starting ShoppingmallCommentBootApplication on DESKTOP-HBU07UD with PID 11416 (C:\Users\notebiz\Documents\git\shoppingmall_comment\shoppingmall_comment\shoppingmall_comment-boot\target\classes started by notebiz1029 in C:\Users\notebiz\Documents\git\shoppingmall_comment\shoppingmall_comment\shoppingmall_comment-boot)
654  [main] DEBUG c.p.ShoppingmallCommentBootApplication - Running with Spring Boot v2.2.5.RELEASE, Spring v5.2.4.RELEASE
658  [main] INFO  c.p.ShoppingmallCommentBootApplication - The following profiles are active: dev
3266 [main] INFO  c.p.ShoppingmallCommentBootApplication - Started ShoppingmallCommentBootApplication in 3.016 seconds (JVM running for 3.903)
3268 [main] INFO  c.p.ShoppingmallCommentBootApplication - HELLO
694  [main] INFO  c.p.ShoppingmallCommentBootApplication - Starting ShoppingmallCommentBootApplication on DESKTOP-HBU07UD with PID 11884 (C:\Users\notebiz\Documents\git\shoppingmall_comment\shoppingmall_comment\shoppingmall_comment-boot\target\classes started by notebiz1029 in C:\Users\notebiz\Documents\git\shoppingmall_comment\shoppingmall_comment\shoppingmall_comment-boot)
697  [main] DEBUG c.p.ShoppingmallCommentBootApplication - Running with Spring Boot v2.2.5.RELEASE, Spring v5.2.4.RELEASE
698  [main] INFO  c.p.ShoppingmallCommentBootApplication - The following profiles are active: dev
3271 [main] INFO  c.p.ShoppingmallCommentBootApplication - Started ShoppingmallCommentBootApplication in 2.95 seconds (JVM running for 3.896)
3272 [main] INFO  c.p.ShoppingmallCommentBootApplication - HELLO
<<<<<<< HEAD
654  [main] INFO  c.p.ShoppingmallCommentBootApplication - Starting ShoppingmallCommentBootApplication on DESKTOP-HBU07UD with PID 7816 (C:\Users\notebiz\Documents\git\shoppingmall_comment\shoppingmall_comment\shoppingmall_comment-boot\target\classes started by notebiz1029 in C:\Users\notebiz\Documents\git\shoppingmall_comment\shoppingmall_comment\shoppingmall_comment-boot)
656  [main] DEBUG c.p.ShoppingmallCommentBootApplication - Running with Spring Boot v2.2.5.RELEASE, Spring v5.2.4.RELEASE
659  [main] INFO  c.p.ShoppingmallCommentBootApplication - The following profiles are active: dev
3113 [main] INFO  c.p.ShoppingmallCommentBootApplication - Started ShoppingmallCommentBootApplication in 2.867 seconds (JVM running for 3.758)
3115 [main] INFO  c.p.ShoppingmallCommentBootApplication - HELLO
=======
1274 [main] INFO  c.p.ShoppingmallCommentBootApplication - Starting ShoppingmallCommentBootApplication on DESKTOP-LA843EK with PID 58820 (C:\Users\NYJ\Documents\git\project\shoppingmall_comment\shoppingmall_comment\shoppingmall_comment-boot\target\classes started by NYJ in C:\Users\NYJ\Documents\git\project\shoppingmall_comment\shoppingmall_comment\shoppingmall_comment-boot)
1277 [main] DEBUG c.p.ShoppingmallCommentBootApplication - Running with Spring Boot v2.2.5.RELEASE, Spring v5.2.4.RELEASE
1278 [main] INFO  c.p.ShoppingmallCommentBootApplication - The following profiles are active: dev
4168 [main] INFO  c.p.ShoppingmallCommentBootApplication - Started ShoppingmallCommentBootApplication in 3.91 seconds (JVM running for 5.752)
4170 [main] INFO  c.p.ShoppingmallCommentBootApplication - HELLO
793  [main] INFO  c.p.ShoppingmallCommentBootApplication - Starting ShoppingmallCommentBootApplication on DESKTOP-LA843EK with PID 61720 (C:\Users\NYJ\Documents\git\project\shoppingmall_comment\shoppingmall_comment\shoppingmall_comment-boot\target\classes started by NYJ in C:\Users\NYJ\Documents\git\project\shoppingmall_comment\shoppingmall_comment\shoppingmall_comment-boot)
796  [main] DEBUG c.p.ShoppingmallCommentBootApplication - Running with Spring Boot v2.2.5.RELEASE, Spring v5.2.4.RELEASE
796  [main] INFO  c.p.ShoppingmallCommentBootApplication - The following profiles are active: dev
3515 [main] INFO  c.p.ShoppingmallCommentBootApplication - Started ShoppingmallCommentBootApplication in 3.178 seconds (JVM running for 5.178)
3517 [main] INFO  c.p.ShoppingmallCommentBootApplication - HELLO
>>>>>>> 175d8b7283c99e7399abd9ac6f4b72aa3331e416
